# JRE version: Java(TM) SE Runtime Environment (8.0_241-b07) (build 1.8.0_241-b07)
# Java VM: Java HotSpot(TM) 64-Bit Server VM (25.241-b07 mixed mode windows-amd64 compressed oops)
Heap:
 PSYoungGen      total 96256K, used 13234K [0x00000000daf80000, 0x00000000e2e00000, 0x0000000100000000)
  eden space 91648K, 9% used [0x00000000daf80000,0x00000000db83b678,0x00000000e0900000)
  from space 4608K, 93% used [0x00000000e2980000,0x00000000e2db1428,0x00000000e2e00000)
  to   space 10240K, 0% used [0x00000000e1a00000,0x00000000e1a00000,0x00000000e2400000)
 ParOldGen       total 54272K, used 10124K [0x0000000090e00000, 0x0000000094300000, 0x00000000daf80000)
  object space 54272K, 18% used [0x0000000090e00000,0x00000000917e3068,0x0000000094300000)
 Metaspace       used 23385K, capacity 23916K, committed 24192K, reserved 1071104K
  class space    used 2759K, capacity 2913K, committed 2944K, reserved 1048576K
GC Heap History (10 events):
Event: 4.688 GC heap before
{Heap before GC invocations=3 (full 0):
 PSYoungGen      total 33280K, used 33279K [0x00000000daf80000, 0x00000000df080000, 0x0000000100000000)
  eden space 28672K, 100% used [0x00000000daf80000,0x00000000dcb80000,0x00000000dcb80000)
  from space 4608K, 99% used [0x00000000dd000000,0x00000000dd47ff58,0x00000000dd480000)
  to   space 4608K, 0% used [0x00000000dcb80000,0x00000000dcb80000,0x00000000dd000000)
 ParOldGen       total 76800K, used 1263K [0x0000000090e00000, 0x0000000095900000, 0x00000000daf80000)
  object space 76800K, 1% used [0x0000000090e00000,0x0000000090f3bdb8,0x0000000095900000)
 Metaspace       used 13564K, capacity 13758K, committed 14080K, reserved 1060864K
  class space    used 1696K, capacity 1768K, committed 1792K, reserved 1048576K
Event: 4.695 GC heap after
Heap after GC invocations=3 (full 0):
 PSYoungGen      total 33280K, used 4600K [0x00000000daf80000, 0x00000000df080000, 0x0000000100000000)
  eden space 28672K, 0% used [0x00000000daf80000,0x00000000daf80000,0x00000000dcb80000)
  from space 4608K, 99% used [0x00000000dcb80000,0x00000000dcffe050,0x00000000dd000000)
  to   space 4608K, 0% used [0x00000000dec00000,0x00000000dec00000,0x00000000df080000)
 ParOldGen       total 76800K, used 3496K [0x0000000090e00000, 0x0000000095900000, 0x00000000daf80000)
  object space 76800K, 4% used [0x0000000090e00000,0x000000009116a2f0,0x0000000095900000)
 Metaspace       used 13564K, capacity 13758K, committed 14080K, reserved 1060864K
  class space    used 1696K, capacity 1768K, committed 1792K, reserved 1048576K
}
Event: 6.474 GC heap before
{Heap before GC invocations=4 (full 0):
 PSYoungGen      total 33280K, used 33272K [0x00000000daf80000, 0x00000000df080000, 0x0000000100000000)
  eden space 28672K, 100% used [0x00000000daf80000,0x00000000dcb80000,0x00000000dcb80000)
  from space 4608K, 99% used [0x00000000dcb80000,0x00000000dcffe050,0x00000000dd000000)
  to   space 4608K, 0% used [0x00000000dec00000,0x00000000dec00000,0x00000000df080000)
 ParOldGen       total 76800K, used 3496K [0x0000000090e00000, 0x0000000095900000, 0x00000000daf80000)
  object space 76800K, 4% used [0x0000000090e00000,0x000000009116a2f0,0x0000000095900000)
 Metaspace       used 17492K, capacity 17754K, committed 18048K, reserved 1064960K
  class space    used 2098K, capacity 2172K, committed 2176K, reserved 1048576K
Event: 6.483 GC heap after
Heap after GC invocations=4 (full 0):
 PSYoungGen      total 61952K, used 4584K [0x00000000daf80000, 0x00000000df080000, 0x0000000100000000)
  eden space 57344K, 0% used [0x00000000daf80000,0x00000000daf80000,0x00000000de780000)
  from space 4608K, 99% used [0x00000000dec00000,0x00000000df07a020,0x00000000df080000)
  to   space 4608K, 0% used [0x00000000de780000,0x00000000de780000,0x00000000dec00000)
 ParOldGen       total 76800K, used 6578K [0x0000000090e00000, 0x0000000095900000, 0x00000000daf80000)
  object space 76800K, 8% used [0x0000000090e00000,0x000000009146ca28,0x0000000095900000)
 Metaspace       used 17492K, capacity 17754K, committed 18048K, reserved 1064960K
  class space    used 2098K, capacity 2172K, committed 2176K, reserved 1048576K
}
Event: 7.219 GC heap before
{Heap before GC invocations=5 (full 0):
 PSYoungGen      total 61952K, used 35762K [0x00000000daf80000, 0x00000000df080000, 0x0000000100000000)
  eden space 57344K, 54% used [0x00000000daf80000,0x00000000dcdf2b98,0x00000000de780000)
  from space 4608K, 99% used [0x00000000dec00000,0x00000000df07a020,0x00000000df080000)
  to   space 4608K, 0% used [0x00000000de780000,0x00000000de780000,0x00000000dec00000)
 ParOldGen       total 76800K, used 6578K [0x0000000090e00000, 0x0000000095900000, 0x00000000daf80000)
  object space 76800K, 8% used [0x0000000090e00000,0x000000009146ca28,0x0000000095900000)
 Metaspace       used 20732K, capacity 21116K, committed 21296K, reserved 1069056K
  class space    used 2522K, capacity 2667K, committed 2688K, reserved 1048576K
Event: 7.235 GC heap after
Heap after GC invocations=5 (full 0):
 PSYoungGen      total 61952K, used 4600K [0x00000000daf80000, 0x00000000e3380000, 0x0000000100000000)
  eden space 57344K, 0% used [0x00000000daf80000,0x00000000daf80000,0x00000000de780000)
  from space 4608K, 99% used [0x00000000de780000,0x00000000debfe060,0x00000000dec00000)
  to   space 10240K, 0% used [0x00000000e2980000,0x00000000e2980000,0x00000000e3380000)
 ParOldGen       total 76800K, used 10973K [0x0000000090e00000, 0x0000000095900000, 0x00000000daf80000)
  object space 76800K, 14% used [0x0000000090e00000,0x00000000918b76b0,0x0000000095900000)
 Metaspace       used 20732K, capacity 21116K, committed 21296K, reserved 1069056K
  class space    used 2522K, capacity 2667K, committed 2688K, reserved 1048576K
}
Event: 7.235 GC heap before
{Heap before GC invocations=6 (full 1):
 PSYoungGen      total 61952K, used 4600K [0x00000000daf80000, 0x00000000e3380000, 0x0000000100000000)
  eden space 57344K, 0% used [0x00000000daf80000,0x00000000daf80000,0x00000000de780000)
  from space 4608K, 99% used [0x00000000de780000,0x00000000debfe060,0x00000000dec00000)
  to   space 10240K, 0% used [0x00000000e2980000,0x00000000e2980000,0x00000000e3380000)
 ParOldGen       total 76800K, used 10973K [0x0000000090e00000, 0x0000000095900000, 0x00000000daf80000)
  object space 76800K, 14% used [0x0000000090e00000,0x00000000918b76b0,0x0000000095900000)
 Metaspace       used 20732K, capacity 21116K, committed 21296K, reserved 1069056K
  class space    used 2522K, capacity 2667K, committed 2688K, reserved 1048576K
Event: 7.292 GC heap after
Heap after GC invocations=6 (full 1):
 PSYoungGen      total 61952K, used 0K [0x00000000daf80000, 0x00000000e3380000, 0x0000000100000000)
  eden space 57344K, 0% used [0x00000000daf80000,0x00000000daf80000,0x00000000de780000)
  from space 4608K, 0% used [0x00000000de780000,0x00000000de780000,0x00000000dec00000)
  to   space 10240K, 0% used [0x00000000e2980000,0x00000000e2980000,0x00000000e3380000)
 ParOldGen       total 54272K, used 10116K [0x0000000090e00000, 0x0000000094300000, 0x00000000daf80000)
  object space 54272K, 18% used [0x0000000090e00000,0x00000000917e1068,0x0000000094300000)
 Metaspace       used 20732K, capacity 21116K, committed 21296K, reserved 1069056K
  class space    used 2522K, capacity 2667K, committed 2688K, reserved 1048576K
}
Event: 11.283 GC heap before
{Heap before GC invocations=7 (full 1):
 PSYoungGen      total 61952K, used 57344K [0x00000000daf80000, 0x00000000e3380000, 0x0000000100000000)
  eden space 57344K, 100% used [0x00000000daf80000,0x00000000de780000,0x00000000de780000)
  from space 4608K, 0% used [0x00000000de780000,0x00000000de780000,0x00000000dec00000)
  to   space 10240K, 0% used [0x00000000e2980000,0x00000000e2980000,0x00000000e3380000)
 ParOldGen       total 54272K, used 10116K [0x0000000090e00000, 0x0000000094300000, 0x00000000daf80000)
  object space 54272K, 18% used [0x0000000090e00000,0x00000000917e1068,0x0000000094300000)
 Metaspace       used 23159K, capacity 23676K, committed 23936K, reserved 1071104K
  class space    used 2739K, capacity 2873K, committed 2944K, reserved 1048576K
Event: 11.292 GC heap after
Heap after GC invocations=7 (full 1):
 PSYoungGen      total 96256K, used 4293K [0x00000000daf80000, 0x00000000e2e00000, 0x0000000100000000)
  eden space 91648K, 0% used [0x00000000daf80000,0x00000000daf80000,0x00000000e0900000)
  from space 4608K, 93% used [0x00000000e2980000,0x00000000e2db1428,0x00000000e2e00000)
  to   space 10240K, 0% used [0x00000000e1a00000,0x00000000e1a00000,0x00000000e2400000)
 ParOldGen       total 54272K, used 10124K [0x0000000090e00000, 0x0000000094300000, 0x00000000daf80000)
  object space 54272K, 18% used [0x0000000090e00000,0x00000000917e3068,0x0000000094300000)
 Metaspace       used 23159K, capacity 23676K, committed 23936K, reserved 1071104K
  class space    used 2739K, capacity 2873K, committed 2944K, reserved 1048576K
}

